VEPO Vertalerbouw Ertalerbouw Practicum Optimization
VEPP Vertalerbouw Ertalerbouw Practicum Peephole
VEPE Vertalerbouw Ertalerbouw Practicum Eephole
VEOP Vertalerbouw Ertalerbouw Optimization Practicum
VEOP Vertalerbouw Ertalerbouw Optimization Peephole
VEPP Vertalerbouw Ertalerbouw Peephole Practicum
VEPO Vertalerbouw Ertalerbouw Peephole Optimization
VEPE Vertalerbouw Ertalerbouw Peephole Eephole
VEEP Vertalerbouw Ertalerbouw Eephole Practicum
VEEP Vertalerbouw Ertalerbouw Eephole Peephole
VOEP Vertalerbouw Optimization Ertalerbouw Practicum
VOEP Vertalerbouw Optimization Ertalerbouw Peephole
VOPE Vertalerbouw Optimization Practicum Ertalerbouw
VOPP Vertalerbouw Optimization Practicum Peephole
VOPE Vertalerbouw Optimization Practicum Eephole
VOPE Vertalerbouw Optimization Peephole Ertalerbouw
VOPP Vertalerbouw Optimization Peephole Practicum
VOPE Vertalerbouw Optimization Peephole Eephole
VOEP Vertalerbouw Optimization Eephole Practicum
VOEP Vertalerbouw Optimization Eephole Peephole
VEEP Vertalerbouw Eephole Ertalerbouw Practicum
VEEP Vertalerbouw Eephole Ertalerbouw Peephole
VEPE Vertalerbouw Eephole Practicum Ertalerbouw
VEPO Vertalerbouw Eephole Practicum Optimization
VEPP Vertalerbouw Eephole Practicum Peephole
VEOP Vertalerbouw Eephole Optimization Practicum
VEOP Vertalerbouw Eephole Optimization Peephole
VEPE Vertalerbouw Eephole Peephole Ertalerbouw
VEPP Vertalerbouw Eephole Peephole Practicum
VEPO Vertalerbouw Eephole Peephole Optimization
EVPO Ertalerbouw Vertalerbouw Practicum Optimization
EVPE Ertalerbouw Vertalerbouw Practicum Eephole
EVOP Ertalerbouw Vertalerbouw Optimization Practicum
EVOP Ertalerbouw Vertalerbouw Optimization Peephole
EVOE Ertalerbouw Vertalerbouw Optimization Eephole
EVPO Ertalerbouw Vertalerbouw Peephole Optimization
EVPE Ertalerbouw Vertalerbouw Peephole Eephole
EVEP Ertalerbouw Vertalerbouw Eephole Practicum
EVEO Ertalerbouw Vertalerbouw Eephole Optimization
EVEP Ertalerbouw Vertalerbouw Eephole Peephole
EPVO Ertalerbouw Practicum Vertalerbouw Optimization
EPVE Ertalerbouw Practicum Vertalerbouw Eephole
EPOV Ertalerbouw Practicum Optimization Vertalerbouw
EPOP Ertalerbouw Practicum Optimization Peephole
EPOE Ertalerbouw Practicum Optimization Eephole
EPPO Ertalerbouw Practicum Peephole Optimization
EPPE Ertalerbouw Practicum Peephole Eephole
EPEV Ertalerbouw Practicum Eephole Vertalerbouw
EPEO Ertalerbouw Practicum Eephole Optimization
EPEP Ertalerbouw Practicum Eephole Peephole
EOVP Ertalerbouw Optimization Vertalerbouw Practicum
EOVP Ertalerbouw Optimization Vertalerbouw Peephole
EOVE Ertalerbouw Optimization Vertalerbouw Eephole
EOPV Ertalerbouw Optimization Practicum Vertalerbouw
EOPP Ertalerbouw Optimization Practicum Peephole
EOPE Ertalerbouw Optimization Practicum Eephole
EOPV Ertalerbouw Optimization Peephole Vertalerbouw
EOPP Ertalerbouw Optimization Peephole Practicum
EOPE Ertalerbouw Optimization Peephole Eephole
EPVO Ertalerbouw Peephole Vertalerbouw Optimization
EPVE Ertalerbouw Peephole Vertalerbouw Eephole
EPPO Ertalerbouw Peephole Practicum Optimization
EPPE Ertalerbouw Peephole Practicum Eephole
EPOV Ertalerbouw Peephole Optimization Vertalerbouw
EPOP Ertalerbouw Peephole Optimization Practicum
EPOE Ertalerbouw Peephole Optimization Eephole
EPEV Ertalerbouw Peephole Eephole Vertalerbouw
EPEP Ertalerbouw Peephole Eephole Practicum
EPEO Ertalerbouw Peephole Eephole Optimization
EEVP Ertalerbouw Eephole Vertalerbouw Practicum
EEVO Ertalerbouw Eephole Vertalerbouw Optimization
EEVP Ertalerbouw Eephole Vertalerbouw Peephole
EEPV Ertalerbouw Eephole Practicum Vertalerbouw
EEPO Ertalerbouw Eephole Practicum Optimization
EEPP Ertalerbouw Eephole Practicum Peephole
EEPV Ertalerbouw Eephole Peephole Vertalerbouw
EEPP Ertalerbouw Eephole Peephole Practicum
EEPO Ertalerbouw Eephole Peephole Optimization
PEVO Practicum Ertalerbouw Vertalerbouw Optimization
PEVP Practicum Ertalerbouw Vertalerbouw Peephole
PEVE Practicum Ertalerbouw Vertalerbouw Eephole
PEOV Practicum Ertalerbouw Optimization Vertalerbouw
PEOP Practicum Ertalerbouw Optimization Peephole
PEPV Practicum Ertalerbouw Peephole Vertalerbouw
PEPO Practicum Ertalerbouw Peephole Optimization
PEPE Practicum Ertalerbouw Peephole Eephole
PEEV Practicum Ertalerbouw Eephole Vertalerbouw
PEEP Practicum Ertalerbouw Eephole Peephole
POVE Practicum Optimization Vertalerbouw Ertalerbouw
POVP Practicum Optimization Vertalerbouw Peephole
POVE Practicum Optimization Vertalerbouw Eephole
POEV Practicum Optimization Ertalerbouw Vertalerbouw
POEP Practicum Optimization Ertalerbouw Peephole
POPV Practicum Optimization Peephole Vertalerbouw
POPE Practicum Optimization Peephole Ertalerbouw
POPE Practicum Optimization Peephole Eephole
POEV Practicum Optimization Eephole Vertalerbouw
POEP Practicum Optimization Eephole Peephole
PEVE Practicum Eephole Vertalerbouw Ertalerbouw
PEVO Practicum Eephole Vertalerbouw Optimization
PEVP Practicum Eephole Vertalerbouw Peephole
PEEV Practicum Eephole Ertalerbouw Vertalerbouw
PEEP Practicum Eephole Ertalerbouw Peephole
PEOV Practicum Eephole Optimization Vertalerbouw
PEOP Practicum Eephole Optimization Peephole
PEPV Practicum Eephole Peephole Vertalerbouw
PEPE Practicum Eephole Peephole Ertalerbouw
PEPO Practicum Eephole Peephole Optimization
OVEP Optimization Vertalerbouw Ertalerbouw Practicum
OVEP Optimization Vertalerbouw Ertalerbouw Peephole
OVEE Optimization Vertalerbouw Ertalerbouw Eephole
OVPE Optimization Vertalerbouw Practicum Ertalerbouw
OVPE Optimization Vertalerbouw Practicum Eephole
OVPE Optimization Vertalerbouw Peephole Ertalerbouw
OVPE Optimization Vertalerbouw Peephole Eephole
OVEE Optimization Vertalerbouw Eephole Ertalerbouw
OVEP Optimization Vertalerbouw Eephole Practicum
OVEP Optimization Vertalerbouw Eephole Peephole
OEVP Optimization Ertalerbouw Vertalerbouw Practicum
OEVP Optimization Ertalerbouw Vertalerbouw Peephole
OEVE Optimization Ertalerbouw Vertalerbouw Eephole
OEPV Optimization Ertalerbouw Practicum Vertalerbouw
OEPP Optimization Ertalerbouw Practicum Peephole
OEPE Optimization Ertalerbouw Practicum Eephole
OEPV Optimization Ertalerbouw Peephole Vertalerbouw
OEPP Optimization Ertalerbouw Peephole Practicum
OEPE Optimization Ertalerbouw Peephole Eephole
OPVE Optimization Practicum Vertalerbouw Ertalerbouw
OPVE Optimization Practicum Vertalerbouw Eephole
OPEV Optimization Practicum Ertalerbouw Vertalerbouw
OPEP Optimization Practicum Ertalerbouw Peephole
OPEE Optimization Practicum Ertalerbouw Eephole
OPPE Optimization Practicum Peephole Ertalerbouw
OPPE Optimization Practicum Peephole Eephole
OPEV Optimization Practicum Eephole Vertalerbouw
OPEE Optimization Practicum Eephole Ertalerbouw
OPEP Optimization Practicum Eephole Peephole
OPVE Optimization Peephole Vertalerbouw Ertalerbouw
OPVE Optimization Peephole Vertalerbouw Eephole
OPEV Optimization Peephole Ertalerbouw Vertalerbouw
OPEP Optimization Peephole Ertalerbouw Practicum
OPEE Optimization Peephole Ertalerbouw Eephole
OPPE Optimization Peephole Practicum Ertalerbouw
OPPE Optimization Peephole Practicum Eephole
OPEV Optimization Peephole Eephole Vertalerbouw
OPEE Optimization Peephole Eephole Ertalerbouw
OPEP Optimization Peephole Eephole Practicum
OEVE Optimization Eephole Vertalerbouw Ertalerbouw
OEVP Optimization Eephole Vertalerbouw Practicum
OEVP Optimization Eephole Vertalerbouw Peephole
OEPV Optimization Eephole Practicum Vertalerbouw
OEPE Optimization Eephole Practicum Ertalerbouw
OEPP Optimization Eephole Practicum Peephole
OEPV Optimization Eephole Peephole Vertalerbouw
OEPE Optimization Eephole Peephole Ertalerbouw
OEPP Optimization Eephole Peephole Practicum
PEVP Peephole Ertalerbouw Vertalerbouw Practicum
PEVO Peephole Ertalerbouw Vertalerbouw Optimization
PEVE Peephole Ertalerbouw Vertalerbouw Eephole
PEPV Peephole Ertalerbouw Practicum Vertalerbouw
PEPO Peephole Ertalerbouw Practicum Optimization
PEPE Peephole Ertalerbouw Practicum Eephole
PEOV Peephole Ertalerbouw Optimization Vertalerbouw
PEOP Peephole Ertalerbouw Optimization Practicum
PEEV Peephole Ertalerbouw Eephole Vertalerbouw
PEEP Peephole Ertalerbouw Eephole Practicum
POVE Peephole Optimization Vertalerbouw Ertalerbouw
POVP Peephole Optimization Vertalerbouw Practicum
POVE Peephole Optimization Vertalerbouw Eephole
POEV Peephole Optimization Ertalerbouw Vertalerbouw
POEP Peephole Optimization Ertalerbouw Practicum
POPV Peephole Optimization Practicum Vertalerbouw
POPE Peephole Optimization Practicum Ertalerbouw
POPE Peephole Optimization Practicum Eephole
POEV Peephole Optimization Eephole Vertalerbouw
POEP Peephole Optimization Eephole Practicum
PEVE Peephole Eephole Vertalerbouw Ertalerbouw
PEVP Peephole Eephole Vertalerbouw Practicum
PEVO Peephole Eephole Vertalerbouw Optimization
PEEV Peephole Eephole Ertalerbouw Vertalerbouw
PEEP Peephole Eephole Ertalerbouw Practicum
PEPV Peephole Eephole Practicum Vertalerbouw
PEPE Peephole Eephole Practicum Ertalerbouw
PEPO Peephole Eephole Practicum Optimization
PEOV Peephole Eephole Optimization Vertalerbouw
PEOP Peephole Eephole Optimization Practicum
EVEP Eephole Vertalerbouw Ertalerbouw Practicum
EVEO Eephole Vertalerbouw Ertalerbouw Optimization
EVEP Eephole Vertalerbouw Ertalerbouw Peephole
EVPE Eephole Vertalerbouw Practicum Ertalerbouw
EVPO Eephole Vertalerbouw Practicum Optimization
EVOE Eephole Vertalerbouw Optimization Ertalerbouw
EVOP Eephole Vertalerbouw Optimization Practicum
EVOP Eephole Vertalerbouw Optimization Peephole
EVPE Eephole Vertalerbouw Peephole Ertalerbouw
EVPO Eephole Vertalerbouw Peephole Optimization
EEVP Eephole Ertalerbouw Vertalerbouw Practicum
EEVO Eephole Ertalerbouw Vertalerbouw Optimization
EEVP Eephole Ertalerbouw Vertalerbouw Peephole
EEPV Eephole Ertalerbouw Practicum Vertalerbouw
EEPO Eephole Ertalerbouw Practicum Optimization
EEPP Eephole Ertalerbouw Practicum Peephole
EEPV Eephole Ertalerbouw Peephole Vertalerbouw
EEPP Eephole Ertalerbouw Peephole Practicum
EEPO Eephole Ertalerbouw Peephole Optimization
EPVE Eephole Practicum Vertalerbouw Ertalerbouw
EPVO Eephole Practicum Vertalerbouw Optimization
EPEV Eephole Practicum Ertalerbouw Vertalerbouw
EPEO Eephole Practicum Ertalerbouw Optimization
EPEP Eephole Practicum Ertalerbouw Peephole
EPOV Eephole Practicum Optimization Vertalerbouw
EPOE Eephole Practicum Optimization Ertalerbouw
EPOP Eephole Practicum Optimization Peephole
EPPE Eephole Practicum Peephole Ertalerbouw
EPPO Eephole Practicum Peephole Optimization
EOVE Eephole Optimization Vertalerbouw Ertalerbouw
EOVP Eephole Optimization Vertalerbouw Practicum
EOVP Eephole Optimization Vertalerbouw Peephole
EOPV Eephole Optimization Practicum Vertalerbouw
EOPE Eephole Optimization Practicum Ertalerbouw
EOPP Eephole Optimization Practicum Peephole
EOPV Eephole Optimization Peephole Vertalerbouw
EOPE Eephole Optimization Peephole Ertalerbouw
EOPP Eephole Optimization Peephole Practicum
EPVE Eephole Peephole Vertalerbouw Ertalerbouw
EPVO Eephole Peephole Vertalerbouw Optimization
EPEV Eephole Peephole Ertalerbouw Vertalerbouw
EPEP Eephole Peephole Ertalerbouw Practicum
EPEO Eephole Peephole Ertalerbouw Optimization
EPPE Eephole Peephole Practicum Ertalerbouw
EPPO Eephole Peephole Practicum Optimization
EPOV Eephole Peephole Optimization Vertalerbouw
EPOE Eephole Peephole Optimization Ertalerbouw
EPOP Eephole Peephole Optimization Practicum
VEPOP Vertalerbouw Ertalerbouw Practicum Optimization Peephole
VEPOE Vertalerbouw Ertalerbouw Practicum Optimization Eephole
VEPPO Vertalerbouw Ertalerbouw Practicum Peephole Optimization
VEPPE Vertalerbouw Ertalerbouw Practicum Peephole Eephole
VEPEO Vertalerbouw Ertalerbouw Practicum Eephole Optimization
VEPEP Vertalerbouw Ertalerbouw Practicum Eephole Peephole
VEOPP Vertalerbouw Ertalerbouw Optimization Practicum Peephole
VEOPE Vertalerbouw Ertalerbouw Optimization Practicum Eephole
VEOPP Vertalerbouw Ertalerbouw Optimization Peephole Practicum
VEOPE Vertalerbouw Ertalerbouw Optimization Peephole Eephole
VEPPO Vertalerbouw Ertalerbouw Peephole Practicum Optimization
VEPPE Vertalerbouw Ertalerbouw Peephole Practicum Eephole
VEPOP Vertalerbouw Ertalerbouw Peephole Optimization Practicum
VEPOE Vertalerbouw Ertalerbouw Peephole Optimization Eephole
VEPEP Vertalerbouw Ertalerbouw Peephole Eephole Practicum
VEPEO Vertalerbouw Ertalerbouw Peephole Eephole Optimization
VEEPO Vertalerbouw Ertalerbouw Eephole Practicum Optimization
VEEPP Vertalerbouw Ertalerbouw Eephole Practicum Peephole
VEEPP Vertalerbouw Ertalerbouw Eephole Peephole Practicum
VEEPO Vertalerbouw Ertalerbouw Eephole Peephole Optimization
VOEPP Vertalerbouw Optimization Ertalerbouw Practicum Peephole
VOEPE Vertalerbouw Optimization Ertalerbouw Practicum Eephole
VOEPP Vertalerbouw Optimization Ertalerbouw Peephole Practicum
VOEPE Vertalerbouw Optimization Ertalerbouw Peephole Eephole
VOPEP Vertalerbouw Optimization Practicum Ertalerbouw Peephole
VOPEE Vertalerbouw Optimization Practicum Ertalerbouw Eephole
VOPPE Vertalerbouw Optimization Practicum Peephole Ertalerbouw
VOPPE Vertalerbouw Optimization Practicum Peephole Eephole
VOPEE Vertalerbouw Optimization Practicum Eephole Ertalerbouw
VOPEP Vertalerbouw Optimization Practicum Eephole Peephole
VOPEP Vertalerbouw Optimization Peephole Ertalerbouw Practicum
VOPEE Vertalerbouw Optimization Peephole Ertalerbouw Eephole
VOPPE Vertalerbouw Optimization Peephole Practicum Ertalerbouw
VOPPE Vertalerbouw Optimization Peephole Practicum Eephole
VOPEE Vertalerbouw Optimization Peephole Eephole Ertalerbouw
VOPEP Vertalerbouw Optimization Peephole Eephole Practicum
VOEPE Vertalerbouw Optimization Eephole Practicum Ertalerbouw
VOEPP Vertalerbouw Optimization Eephole Practicum Peephole
VOEPE Vertalerbouw Optimization Eephole Peephole Ertalerbouw
VOEPP Vertalerbouw Optimization Eephole Peephole Practicum
VEEPO Vertalerbouw Eephole Ertalerbouw Practicum Optimization
VEEPP Vertalerbouw Eephole Ertalerbouw Practicum Peephole
VEEPP Vertalerbouw Eephole Ertalerbouw Peephole Practicum
VEEPO Vertalerbouw Eephole Ertalerbouw Peephole Optimization
VEPEO Vertalerbouw Eephole Practicum Ertalerbouw Optimization
VEPEP Vertalerbouw Eephole Practicum Ertalerbouw Peephole
VEPOE Vertalerbouw Eephole Practicum Optimization Ertalerbouw
VEPOP Vertalerbouw Eephole Practicum Optimization Peephole
VEPPE Vertalerbouw Eephole Practicum Peephole Ertalerbouw
VEPPO Vertalerbouw Eephole Practicum Peephole Optimization
VEOPE Vertalerbouw Eephole Optimization Practicum Ertalerbouw
VEOPP Vertalerbouw Eephole Optimization Practicum Peephole
VEOPE Vertalerbouw Eephole Optimization Peephole Ertalerbouw
VEOPP Vertalerbouw Eephole Optimization Peephole Practicum
VEPEP Vertalerbouw Eephole Peephole Ertalerbouw Practicum
VEPEO Vertalerbouw Eephole Peephole Ertalerbouw Optimization
VEPPE Vertalerbouw Eephole Peephole Practicum Ertalerbouw
VEPPO Vertalerbouw Eephole Peephole Practicum Optimization
VEPOE Vertalerbouw Eephole Peephole Optimization Ertalerbouw
VEPOP Vertalerbouw Eephole Peephole Optimization Practicum
EVPOP Ertalerbouw Vertalerbouw Practicum Optimization Peephole
EVPOE Ertalerbouw Vertalerbouw Practicum Optimization Eephole
EVPEO Ertalerbouw Vertalerbouw Practicum Eephole Optimization
EVPEP Ertalerbouw Vertalerbouw Practicum Eephole Peephole
EVOPP Ertalerbouw Vertalerbouw Optimization Practicum Peephole
EVOPE Ertalerbouw Vertalerbouw Optimization Practicum Eephole
EVOPP Ertalerbouw Vertalerbouw Optimization Peephole Practicum
EVOPE Ertalerbouw Vertalerbouw Optimization Peephole Eephole
EVOEP Ertalerbouw Vertalerbouw Optimization Eephole Practicum
EVOEP Ertalerbouw Vertalerbouw Optimization Eephole Peephole
EVPOP Ertalerbouw Vertalerbouw Peephole Optimization Practicum
EVPOE Ertalerbouw Vertalerbouw Peephole Optimization Eephole
EVPEP Ertalerbouw Vertalerbouw Peephole Eephole Practicum
EVPEO Ertalerbouw Vertalerbouw Peephole Eephole Optimization
EVEPO Ertalerbouw Vertalerbouw Eephole Practicum Optimization
EVEPP Ertalerbouw Vertalerbouw Eephole Practicum Peephole
EVEOP Ertalerbouw Vertalerbouw Eephole Optimization Practicum
EVEOP Ertalerbouw Vertalerbouw Eephole Optimization Peephole
EVEPP Ertalerbouw Vertalerbouw Eephole Peephole Practicum
EVEPO Ertalerbouw Vertalerbouw Eephole Peephole Optimization
EPVOP Ertalerbouw Practicum Vertalerbouw Optimization Peephole
EPVOE Ertalerbouw Practicum Vertalerbouw Optimization Eephole
EPVEO Ertalerbouw Practicum Vertalerbouw Eephole Optimization
EPVEP Ertalerbouw Practicum Vertalerbouw Eephole Peephole
EPOVP Ertalerbouw Practicum Optimization Vertalerbouw Peephole
EPOVE Ertalerbouw Practicum Optimization Vertalerbouw Eephole
EPOPV Ertalerbouw Practicum Optimization Peephole Vertalerbouw
EPOPE Ertalerbouw Practicum Optimization Peephole Eephole
EPOEV Ertalerbouw Practicum Optimization Eephole Vertalerbouw
EPOEP Ertalerbouw Practicum Optimization Eephole Peephole
EPPOV Ertalerbouw Practicum Peephole Optimization Vertalerbouw
EPPOE Ertalerbouw Practicum Peephole Optimization Eephole
EPPEV Ertalerbouw Practicum Peephole Eephole Vertalerbouw
EPPEO Ertalerbouw Practicum Peephole Eephole Optimization
EPEVO Ertalerbouw Practicum Eephole Vertalerbouw Optimization
EPEVP Ertalerbouw Practicum Eephole Vertalerbouw Peephole
EPEOV Ertalerbouw Practicum Eephole Optimization Vertalerbouw
EPEOP Ertalerbouw Practicum Eephole Optimization Peephole
EPEPV Ertalerbouw Practicum Eephole Peephole Vertalerbouw
EPEPO Ertalerbouw Practicum Eephole Peephole Optimization
EOVPE Ertalerbouw Optimization Vertalerbouw Practicum Eephole
EOVPE Ertalerbouw Optimization Vertalerbouw Peephole Eephole
EOVEP Ertalerbouw Optimization Vertalerbouw Eephole Practicum
EOVEP Ertalerbouw Optimization Vertalerbouw Eephole Peephole
EOPVE Ertalerbouw Optimization Practicum Vertalerbouw Eephole
EOPPE Ertalerbouw Optimization Practicum Peephole Eephole
EOPEV Ertalerbouw Optimization Practicum Eephole Vertalerbouw
EOPEP Ertalerbouw Optimization Practicum Eephole Peephole
EOPVE Ertalerbouw Optimization Peephole Vertalerbouw Eephole
EOPPE Ertalerbouw Optimization Peephole Practicum Eephole
EOPEV Ertalerbouw Optimization Peephole Eephole Vertalerbouw
EOPEP Ertalerbouw Optimization Peephole Eephole Practicum
EPVOP Ertalerbouw Peephole Vertalerbouw Optimization Practicum
EPVOE Ertalerbouw Peephole Vertalerbouw Optimization Eephole
EPVEP Ertalerbouw Peephole Vertalerbouw Eephole Practicum
EPVEO Ertalerbouw Peephole Vertalerbouw Eephole Optimization
EPPOV Ertalerbouw Peephole Practicum Optimization Vertalerbouw
EPPOE Ertalerbouw Peephole Practicum Optimization Eephole
EPPEV Ertalerbouw Peephole Practicum Eephole Vertalerbouw
EPPEO Ertalerbouw Peephole Practicum Eephole Optimization
EPOVP Ertalerbouw Peephole Optimization Vertalerbouw Practicum
EPOVE Ertalerbouw Peephole Optimization Vertalerbouw Eephole
EPOPV Ertalerbouw Peephole Optimization Practicum Vertalerbouw
EPOPE Ertalerbouw Peephole Optimization Practicum Eephole
EPOEV Ertalerbouw Peephole Optimization Eephole Vertalerbouw
EPOEP Ertalerbouw Peephole Optimization Eephole Practicum
EPEVP Ertalerbouw Peephole Eephole Vertalerbouw Practicum
EPEVO Ertalerbouw Peephole Eephole Vertalerbouw Optimization
EPEPV Ertalerbouw Peephole Eephole Practicum Vertalerbouw
EPEPO Ertalerbouw Peephole Eephole Practicum Optimization
EPEOV Ertalerbouw Peephole Eephole Optimization Vertalerbouw
EPEOP Ertalerbouw Peephole Eephole Optimization Practicum
EEVPO Ertalerbouw Eephole Vertalerbouw Practicum Optimization
EEVOP Ertalerbouw Eephole Vertalerbouw Optimization Practicum
EEVOP Ertalerbouw Eephole Vertalerbouw Optimization Peephole
EEVPO Ertalerbouw Eephole Vertalerbouw Peephole Optimization
EEPVO Ertalerbouw Eephole Practicum Vertalerbouw Optimization
EEPOV Ertalerbouw Eephole Practicum Optimization Vertalerbouw
EEPOP Ertalerbouw Eephole Practicum Optimization Peephole
EEPPO Ertalerbouw Eephole Practicum Peephole Optimization
EEPVO Ertalerbouw Eephole Peephole Vertalerbouw Optimization
EEPPO Ertalerbouw Eephole Peephole Practicum Optimization
EEPOV Ertalerbouw Eephole Peephole Optimization Vertalerbouw
EEPOP Ertalerbouw Eephole Peephole Optimization Practicum
PEVOP Practicum Ertalerbouw Vertalerbouw Optimization Peephole
PEVOE Practicum Ertalerbouw Vertalerbouw Optimization Eephole
PEVPO Practicum Ertalerbouw Vertalerbouw Peephole Optimization
PEVPE Practicum Ertalerbouw Vertalerbouw Peephole Eephole
PEVEO Practicum Ertalerbouw Vertalerbouw Eephole Optimization
PEVEP Practicum Ertalerbouw Vertalerbouw Eephole Peephole
PEOVP Practicum Ertalerbouw Optimization Vertalerbouw Peephole
PEOVE Practicum Ertalerbouw Optimization Vertalerbouw Eephole
PEOPV Practicum Ertalerbouw Optimization Peephole Vertalerbouw
PEOPE Practicum Ertalerbouw Optimization Peephole Eephole
PEPVO Practicum Ertalerbouw Peephole Vertalerbouw Optimization
PEPVE Practicum Ertalerbouw Peephole Vertalerbouw Eephole
PEPOV Practicum Ertalerbouw Peephole Optimization Vertalerbouw
PEPOE Practicum Ertalerbouw Peephole Optimization Eephole
PEPEV Practicum Ertalerbouw Peephole Eephole Vertalerbouw
PEPEO Practicum Ertalerbouw Peephole Eephole Optimization
PEEVO Practicum Ertalerbouw Eephole Vertalerbouw Optimization
PEEVP Practicum Ertalerbouw Eephole Vertalerbouw Peephole
PEEPV Practicum Ertalerbouw Eephole Peephole Vertalerbouw
PEEPO Practicum Ertalerbouw Eephole Peephole Optimization
POVEP Practicum Optimization Vertalerbouw Ertalerbouw Peephole
POVEE Practicum Optimization Vertalerbouw Ertalerbouw Eephole
POVPE Practicum Optimization Vertalerbouw Peephole Ertalerbouw
POVPE Practicum Optimization Vertalerbouw Peephole Eephole
POVEE Practicum Optimization Vertalerbouw Eephole Ertalerbouw
POVEP Practicum Optimization Vertalerbouw Eephole Peephole
POEVP Practicum Optimization Ertalerbouw Vertalerbouw Peephole
POEVE Practicum Optimization Ertalerbouw Vertalerbouw Eephole
POEPV Practicum Optimization Ertalerbouw Peephole Vertalerbouw
POEPE Practicum Optimization Ertalerbouw Peephole Eephole
POPVE Practicum Optimization Peephole Vertalerbouw Ertalerbouw
POPVE Practicum Optimization Peephole Vertalerbouw Eephole
POPEV Practicum Optimization Peephole Ertalerbouw Vertalerbouw
POPEE Practicum Optimization Peephole Ertalerbouw Eephole
POPEV Practicum Optimization Peephole Eephole Vertalerbouw
POPEE Practicum Optimization Peephole Eephole Ertalerbouw
POEVE Practicum Optimization Eephole Vertalerbouw Ertalerbouw
POEVP Practicum Optimization Eephole Vertalerbouw Peephole
POEPV Practicum Optimization Eephole Peephole Vertalerbouw
POEPE Practicum Optimization Eephole Peephole Ertalerbouw
PEVEO Practicum Eephole Vertalerbouw Ertalerbouw Optimization
PEVEP Practicum Eephole Vertalerbouw Ertalerbouw Peephole
PEVOE Practicum Eephole Vertalerbouw Optimization Ertalerbouw
PEVOP Practicum Eephole Vertalerbouw Optimization Peephole
PEVPE Practicum Eephole Vertalerbouw Peephole Ertalerbouw
PEVPO Practicum Eephole Vertalerbouw Peephole Optimization
PEEVO Practicum Eephole Ertalerbouw Vertalerbouw Optimization
PEEVP Practicum Eephole Ertalerbouw Vertalerbouw Peephole
PEEPV Practicum Eephole Ertalerbouw Peephole Vertalerbouw
PEEPO Practicum Eephole Ertalerbouw Peephole Optimization
PEOVE Practicum Eephole Optimization Vertalerbouw Ertalerbouw
PEOVP Practicum Eephole Optimization Vertalerbouw Peephole
PEOPV Practicum Eephole Optimization Peephole Vertalerbouw
PEOPE Practicum Eephole Optimization Peephole Ertalerbouw
PEPVE Practicum Eephole Peephole Vertalerbouw Ertalerbouw
PEPVO Practicum Eephole Peephole Vertalerbouw Optimization
PEPEV Practicum Eephole Peephole Ertalerbouw Vertalerbouw
PEPEO Practicum Eephole Peephole Ertalerbouw Optimization
PEPOV Practicum Eephole Peephole Optimization Vertalerbouw
PEPOE Practicum Eephole Peephole Optimization Ertalerbouw
OVEPP Optimization Vertalerbouw Ertalerbouw Practicum Peephole
OVEPE Optimization Vertalerbouw Ertalerbouw Practicum Eephole
OVEPP Optimization Vertalerbouw Ertalerbouw Peephole Practicum
OVEPE Optimization Vertalerbouw Ertalerbouw Peephole Eephole
OVEEP Optimization Vertalerbouw Ertalerbouw Eephole Practicum
OVEEP Optimization Vertalerbouw Ertalerbouw Eephole Peephole
OVPEP Optimization Vertalerbouw Practicum Ertalerbouw Peephole
OVPEE Optimization Vertalerbouw Practicum Ertalerbouw Eephole
OVPEE Optimization Vertalerbouw Practicum Eephole Ertalerbouw
OVPEP Optimization Vertalerbouw Practicum Eephole Peephole
OVPEP Optimization Vertalerbouw Peephole Ertalerbouw Practicum
OVPEE Optimization Vertalerbouw Peephole Ertalerbouw Eephole
OVPEE Optimization Vertalerbouw Peephole Eephole Ertalerbouw
OVPEP Optimization Vertalerbouw Peephole Eephole Practicum
OVEEP Optimization Vertalerbouw Eephole Ertalerbouw Practicum
OVEEP Optimization Vertalerbouw Eephole Ertalerbouw Peephole
OVEPE Optimization Vertalerbouw Eephole Practicum Ertalerbouw
OVEPP Optimization Vertalerbouw Eephole Practicum Peephole
OVEPE Optimization Vertalerbouw Eephole Peephole Ertalerbouw
OVEPP Optimization Vertalerbouw Eephole Peephole Practicum
OEVPE Optimization Ertalerbouw Vertalerbouw Practicum Eephole
OEVPE Optimization Ertalerbouw Vertalerbouw Peephole Eephole
OEVEP Optimization Ertalerbouw Vertalerbouw Eephole Practicum
OEVEP Optimization Ertalerbouw Vertalerbouw Eephole Peephole
OEPVE Optimization Ertalerbouw Practicum Vertalerbouw Eephole
OEPPE Optimization Ertalerbouw Practicum Peephole Eephole
OEPEV Optimization Ertalerbouw Practicum Eephole Vertalerbouw
OEPEP Optimization Ertalerbouw Practicum Eephole Peephole
OEPVE Optimization Ertalerbouw Peephole Vertalerbouw Eephole
OEPPE Optimization Ertalerbouw Peephole Practicum Eephole
OEPEV Optimization Ertalerbouw Peephole Eephole Vertalerbouw
OEPEP Optimization Ertalerbouw Peephole Eephole Practicum
OPVEP Optimization Practicum Vertalerbouw Ertalerbouw Peephole
OPVEE Optimization Practicum Vertalerbouw Ertalerbouw Eephole
OPVEE Optimization Practicum Vertalerbouw Eephole Ertalerbouw
OPVEP Optimization Practicum Vertalerbouw Eephole Peephole
OPEVP Optimization Practicum Ertalerbouw Vertalerbouw Peephole
OPEVE Optimization Practicum Ertalerbouw Vertalerbouw Eephole
OPEPV Optimization Practicum Ertalerbouw Peephole Vertalerbouw
OPEPE Optimization Practicum Ertalerbouw Peephole Eephole
OPEEV Optimization Practicum Ertalerbouw Eephole Vertalerbouw
OPEEP Optimization Practicum Ertalerbouw Eephole Peephole
OPPEV Optimization Practicum Peephole Ertalerbouw Vertalerbouw
OPPEE Optimization Practicum Peephole Ertalerbouw Eephole
OPPEV Optimization Practicum Peephole Eephole Vertalerbouw
OPPEE Optimization Practicum Peephole Eephole Ertalerbouw
OPEVE Optimization Practicum Eephole Vertalerbouw Ertalerbouw
OPEVP Optimization Practicum Eephole Vertalerbouw Peephole
OPEEV Optimization Practicum Eephole Ertalerbouw Vertalerbouw
OPEEP Optimization Practicum Eephole Ertalerbouw Peephole
OPEPV Optimization Practicum Eephole Peephole Vertalerbouw
OPEPE Optimization Practicum Eephole Peephole Ertalerbouw
OPVEP Optimization Peephole Vertalerbouw Ertalerbouw Practicum
OPVEE Optimization Peephole Vertalerbouw Ertalerbouw Eephole
OPVEE Optimization Peephole Vertalerbouw Eephole Ertalerbouw
OPVEP Optimization Peephole Vertalerbouw Eephole Practicum
OPEVP Optimization Peephole Ertalerbouw Vertalerbouw Practicum
OPEVE Optimization Peephole Ertalerbouw Vertalerbouw Eephole
OPEPV Optimization Peephole Ertalerbouw Practicum Vertalerbouw
OPEPE Optimization Peephole Ertalerbouw Practicum Eephole
OPEEV Optimization Peephole Ertalerbouw Eephole Vertalerbouw
OPEEP Optimization Peephole Ertalerbouw Eephole Practicum
OPPEV Optimization Peephole Practicum Ertalerbouw Vertalerbouw
OPPEE Optimization Peephole Practicum Ertalerbouw Eephole
OPPEV Optimization Peephole Practicum Eephole Vertalerbouw
OPPEE Optimization Peephole Practicum Eephole Ertalerbouw
OPEVE Optimization Peephole Eephole Vertalerbouw Ertalerbouw
OPEVP Optimization Peephole Eephole Vertalerbouw Practicum
OPEEV Optimization Peephole Eephole Ertalerbouw Vertalerbouw
OPEEP Optimization Peephole Eephole Ertalerbouw Practicum
OPEPV Optimization Peephole Eephole Practicum Vertalerbouw
OPEPE Optimization Peephole Eephole Practicum Ertalerbouw
OEVEP Optimization Eephole Vertalerbouw Ertalerbouw Practicum
OEVEP Optimization Eephole Vertalerbouw Ertalerbouw Peephole
OEVPE Optimization Eephole Vertalerbouw Practicum Ertalerbouw
OEVPE Optimization Eephole Vertalerbouw Peephole Ertalerbouw
OEPVE Optimization Eephole Practicum Vertalerbouw Ertalerbouw
OEPEV Optimization Eephole Practicum Ertalerbouw Vertalerbouw
OEPEP Optimization Eephole Practicum Ertalerbouw Peephole
OEPPE Optimization Eephole Practicum Peephole Ertalerbouw
OEPVE Optimization Eephole Peephole Vertalerbouw Ertalerbouw
OEPEV Optimization Eephole Peephole Ertalerbouw Vertalerbouw
OEPEP Optimization Eephole Peephole Ertalerbouw Practicum
OEPPE Optimization Eephole Peephole Practicum Ertalerbouw
PEVPO Peephole Ertalerbouw Vertalerbouw Practicum Optimization
PEVPE Peephole Ertalerbouw Vertalerbouw Practicum Eephole
PEVOP Peephole Ertalerbouw Vertalerbouw Optimization Practicum
PEVOE Peephole Ertalerbouw Vertalerbouw Optimization Eephole
PEVEP Peephole Ertalerbouw Vertalerbouw Eephole Practicum
PEVEO Peephole Ertalerbouw Vertalerbouw Eephole Optimization
PEPVO Peephole Ertalerbouw Practicum Vertalerbouw Optimization
PEPVE Peephole Ertalerbouw Practicum Vertalerbouw Eephole
PEPOV Peephole Ertalerbouw Practicum Optimization Vertalerbouw
PEPOE Peephole Ertalerbouw Practicum Optimization Eephole
PEPEV Peephole Ertalerbouw Practicum Eephole Vertalerbouw
PEPEO Peephole Ertalerbouw Practicum Eephole Optimization
PEOVP Peephole Ertalerbouw Optimization Vertalerbouw Practicum
PEOVE Peephole Ertalerbouw Optimization Vertalerbouw Eephole
PEOPV Peephole Ertalerbouw Optimization Practicum Vertalerbouw
PEOPE Peephole Ertalerbouw Optimization Practicum Eephole
PEEVP Peephole Ertalerbouw Eephole Vertalerbouw Practicum
PEEVO Peephole Ertalerbouw Eephole Vertalerbouw Optimization
PEEPV Peephole Ertalerbouw Eephole Practicum Vertalerbouw
PEEPO Peephole Ertalerbouw Eephole Practicum Optimization
POVEP Peephole Optimization Vertalerbouw Ertalerbouw Practicum
POVEE Peephole Optimization Vertalerbouw Ertalerbouw Eephole
POVPE Peephole Optimization Vertalerbouw Practicum Ertalerbouw
POVPE Peephole Optimization Vertalerbouw Practicum Eephole
POVEE Peephole Optimization Vertalerbouw Eephole Ertalerbouw
POVEP Peephole Optimization Vertalerbouw Eephole Practicum
POEVP Peephole Optimization Ertalerbouw Vertalerbouw Practicum
POEVE Peephole Optimization Ertalerbouw Vertalerbouw Eephole
POEPV Peephole Optimization Ertalerbouw Practicum Vertalerbouw
POEPE Peephole Optimization Ertalerbouw Practicum Eephole
POPVE Peephole Optimization Practicum Vertalerbouw Ertalerbouw
POPVE Peephole Optimization Practicum Vertalerbouw Eephole
POPEV Peephole Optimization Practicum Ertalerbouw Vertalerbouw
POPEE Peephole Optimization Practicum Ertalerbouw Eephole
POPEV Peephole Optimization Practicum Eephole Vertalerbouw
POPEE Peephole Optimization Practicum Eephole Ertalerbouw
POEVE Peephole Optimization Eephole Vertalerbouw Ertalerbouw
POEVP Peephole Optimization Eephole Vertalerbouw Practicum
POEPV Peephole Optimization Eephole Practicum Vertalerbouw
POEPE Peephole Optimization Eephole Practicum Ertalerbouw
PEVEP Peephole Eephole Vertalerbouw Ertalerbouw Practicum
PEVEO Peephole Eephole Vertalerbouw Ertalerbouw Optimization
PEVPE Peephole Eephole Vertalerbouw Practicum Ertalerbouw
PEVPO Peephole Eephole Vertalerbouw Practicum Optimization
PEVOE Peephole Eephole Vertalerbouw Optimization Ertalerbouw
PEVOP Peephole Eephole Vertalerbouw Optimization Practicum
PEEVP Peephole Eephole Ertalerbouw Vertalerbouw Practicum
PEEVO Peephole Eephole Ertalerbouw Vertalerbouw Optimization
PEEPV Peephole Eephole Ertalerbouw Practicum Vertalerbouw
PEEPO Peephole Eephole Ertalerbouw Practicum Optimization
PEPVE Peephole Eephole Practicum Vertalerbouw Ertalerbouw
PEPVO Peephole Eephole Practicum Vertalerbouw Optimization
PEPEV Peephole Eephole Practicum Ertalerbouw Vertalerbouw
PEPEO Peephole Eephole Practicum Ertalerbouw Optimization
PEPOV Peephole Eephole Practicum Optimization Vertalerbouw
PEPOE Peephole Eephole Practicum Optimization Ertalerbouw
PEOVE Peephole Eephole Optimization Vertalerbouw Ertalerbouw
PEOVP Peephole Eephole Optimization Vertalerbouw Practicum
PEOPV Peephole Eephole Optimization Practicum Vertalerbouw
PEOPE Peephole Eephole Optimization Practicum Ertalerbouw
EVEPO Eephole Vertalerbouw Ertalerbouw Practicum Optimization
EVEPP Eephole Vertalerbouw Ertalerbouw Practicum Peephole
EVEOP Eephole Vertalerbouw Ertalerbouw Optimization Practicum
EVEOP Eephole Vertalerbouw Ertalerbouw Optimization Peephole
EVEPP Eephole Vertalerbouw Ertalerbouw Peephole Practicum
EVEPO Eephole Vertalerbouw Ertalerbouw Peephole Optimization
EVPEO Eephole Vertalerbouw Practicum Ertalerbouw Optimization
EVPEP Eephole Vertalerbouw Practicum Ertalerbouw Peephole
EVPOE Eephole Vertalerbouw Practicum Optimization Ertalerbouw
EVPOP Eephole Vertalerbouw Practicum Optimization Peephole
EVOEP Eephole Vertalerbouw Optimization Ertalerbouw Practicum
EVOEP Eephole Vertalerbouw Optimization Ertalerbouw Peephole
EVOPE Eephole Vertalerbouw Optimization Practicum Ertalerbouw
EVOPP Eephole Vertalerbouw Optimization Practicum Peephole
EVOPE Eephole Vertalerbouw Optimization Peephole Ertalerbouw
EVOPP Eephole Vertalerbouw Optimization Peephole Practicum
EVPEP Eephole Vertalerbouw Peephole Ertalerbouw Practicum
EVPEO Eephole Vertalerbouw Peephole Ertalerbouw Optimization
EVPOE Eephole Vertalerbouw Peephole Optimization Ertalerbouw
EVPOP Eephole Vertalerbouw Peephole Optimization Practicum
EEVPO Eephole Ertalerbouw Vertalerbouw Practicum Optimization
EEVOP Eephole Ertalerbouw Vertalerbouw Optimization Practicum
EEVOP Eephole Ertalerbouw Vertalerbouw Optimization Peephole
EEVPO Eephole Ertalerbouw Vertalerbouw Peephole Optimization
EEPVO Eephole Ertalerbouw Practicum Vertalerbouw Optimization
EEPOV Eephole Ertalerbouw Practicum Optimization Vertalerbouw
EEPOP Eephole Ertalerbouw Practicum Optimization Peephole
EEPPO Eephole Ertalerbouw Practicum Peephole Optimization
EEPVO Eephole Ertalerbouw Peephole Vertalerbouw Optimization
EEPPO Eephole Ertalerbouw Peephole Practicum Optimization
EEPOV Eephole Ertalerbouw Peephole Optimization Vertalerbouw
EEPOP Eephole Ertalerbouw Peephole Optimization Practicum
EPVEO Eephole Practicum Vertalerbouw Ertalerbouw Optimization
EPVEP Eephole Practicum Vertalerbouw Ertalerbouw Peephole
EPVOE Eephole Practicum Vertalerbouw Optimization Ertalerbouw
EPVOP Eephole Practicum Vertalerbouw Optimization Peephole
EPEVO Eephole Practicum Ertalerbouw Vertalerbouw Optimization
EPEVP Eephole Practicum Ertalerbouw Vertalerbouw Peephole
EPEOV Eephole Practicum Ertalerbouw Optimization Vertalerbouw
EPEOP Eephole Practicum Ertalerbouw Optimization Peephole
EPEPV Eephole Practicum Ertalerbouw Peephole Vertalerbouw
EPEPO Eephole Practicum Ertalerbouw Peephole Optimization
EPOVE Eephole Practicum Optimization Vertalerbouw Ertalerbouw
EPOVP Eephole Practicum Optimization Vertalerbouw Peephole
EPOEV Eephole Practicum Optimization Ertalerbouw Vertalerbouw
EPOEP Eephole Practicum Optimization Ertalerbouw Peephole
EPOPV Eephole Practicum Optimization Peephole Vertalerbouw
EPOPE Eephole Practicum Optimization Peephole Ertalerbouw
EPPEV Eephole Practicum Peephole Ertalerbouw Vertalerbouw
EPPEO Eephole Practicum Peephole Ertalerbouw Optimization
EPPOV Eephole Practicum Peephole Optimization Vertalerbouw
EPPOE Eephole Practicum Peephole Optimization Ertalerbouw
EOVEP Eephole Optimization Vertalerbouw Ertalerbouw Practicum
EOVEP Eephole Optimization Vertalerbouw Ertalerbouw Peephole
EOVPE Eephole Optimization Vertalerbouw Practicum Ertalerbouw
EOVPE Eephole Optimization Vertalerbouw Peephole Ertalerbouw
EOPVE Eephole Optimization Practicum Vertalerbouw Ertalerbouw
EOPEV Eephole Optimization Practicum Ertalerbouw Vertalerbouw
EOPEP Eephole Optimization Practicum Ertalerbouw Peephole
EOPPE Eephole Optimization Practicum Peephole Ertalerbouw
EOPVE Eephole Optimization Peephole Vertalerbouw Ertalerbouw
EOPEV Eephole Optimization Peephole Ertalerbouw Vertalerbouw
EOPEP Eephole Optimization Peephole Ertalerbouw Practicum
EOPPE Eephole Optimization Peephole Practicum Ertalerbouw
EPVEP Eephole Peephole Vertalerbouw Ertalerbouw Practicum
EPVEO Eephole Peephole Vertalerbouw Ertalerbouw Optimization
EPVOE Eephole Peephole Vertalerbouw Optimization Ertalerbouw
EPVOP Eephole Peephole Vertalerbouw Optimization Practicum
EPEVP Eephole Peephole Ertalerbouw Vertalerbouw Practicum
EPEVO Eephole Peephole Ertalerbouw Vertalerbouw Optimization
EPEPV Eephole Peephole Ertalerbouw Practicum Vertalerbouw
EPEPO Eephole Peephole Ertalerbouw Practicum Optimization
EPEOV Eephole Peephole Ertalerbouw Optimization Vertalerbouw
EPEOP Eephole Peephole Ertalerbouw Optimization Practicum
EPPEV Eephole Peephole Practicum Ertalerbouw Vertalerbouw
EPPEO Eephole Peephole Practicum Ertalerbouw Optimization
EPPOV Eephole Peephole Practicum Optimization Vertalerbouw
EPPOE Eephole Peephole Practicum Optimization Ertalerbouw
EPOVE Eephole Peephole Optimization Vertalerbouw Ertalerbouw
EPOVP Eephole Peephole Optimization Vertalerbouw Practicum
EPOEV Eephole Peephole Optimization Ertalerbouw Vertalerbouw
EPOEP Eephole Peephole Optimization Ertalerbouw Practicum
EPOPV Eephole Peephole Optimization Practicum Vertalerbouw
EPOPE Eephole Peephole Optimization Practicum Ertalerbouw
VEPOPE Vertalerbouw Ertalerbouw Practicum Optimization Peephole Eephole
VEPOEP Vertalerbouw Ertalerbouw Practicum Optimization Eephole Peephole
VEPPOE Vertalerbouw Ertalerbouw Practicum Peephole Optimization Eephole
VEPPEO Vertalerbouw Ertalerbouw Practicum Peephole Eephole Optimization
VEPEOP Vertalerbouw Ertalerbouw Practicum Eephole Optimization Peephole
VEPEPO Vertalerbouw Ertalerbouw Practicum Eephole Peephole Optimization
VEOPPE Vertalerbouw Ertalerbouw Optimization Practicum Peephole Eephole
VEOPEP Vertalerbouw Ertalerbouw Optimization Practicum Eephole Peephole
VEOPPE Vertalerbouw Ertalerbouw Optimization Peephole Practicum Eephole
VEOPEP Vertalerbouw Ertalerbouw Optimization Peephole Eephole Practicum
VEPPOE Vertalerbouw Ertalerbouw Peephole Practicum Optimization Eephole
VEPPEO Vertalerbouw Ertalerbouw Peephole Practicum Eephole Optimization
VEPOPE Vertalerbouw Ertalerbouw Peephole Optimization Practicum Eephole
VEPOEP Vertalerbouw Ertalerbouw Peephole Optimization Eephole Practicum
VEPEPO Vertalerbouw Ertalerbouw Peephole Eephole Practicum Optimization
VEPEOP Vertalerbouw Ertalerbouw Peephole Eephole Optimization Practicum
VEEPOP Vertalerbouw Ertalerbouw Eephole Practicum Optimization Peephole
VEEPPO Vertalerbouw Ertalerbouw Eephole Practicum Peephole Optimization
VEEPPO Vertalerbouw Ertalerbouw Eephole Peephole Practicum Optimization
VEEPOP Vertalerbouw Ertalerbouw Eephole Peephole Optimization Practicum
VOEPPE Vertalerbouw Optimization Ertalerbouw Practicum Peephole Eephole
VOEPEP Vertalerbouw Optimization Ertalerbouw Practicum Eephole Peephole
VOEPPE Vertalerbouw Optimization Ertalerbouw Peephole Practicum Eephole
VOEPEP Vertalerbouw Optimization Ertalerbouw Peephole Eephole Practicum
VOPEPE Vertalerbouw Optimization Practicum Ertalerbouw Peephole Eephole
VOPEEP Vertalerbouw Optimization Practicum Ertalerbouw Eephole Peephole
VOPPEE Vertalerbouw Optimization Practicum Peephole Ertalerbouw Eephole
VOPPEE Vertalerbouw Optimization Practicum Peephole Eephole Ertalerbouw
VOPEEP Vertalerbouw Optimization Practicum Eephole Ertalerbouw Peephole
VOPEPE Vertalerbouw Optimization Practicum Eephole Peephole Ertalerbouw
VOPEPE Vertalerbouw Optimization Peephole Ertalerbouw Practicum Eephole
VOPEEP Vertalerbouw Optimization Peephole Ertalerbouw Eephole Practicum
VOPPEE Vertalerbouw Optimization Peephole Practicum Ertalerbouw Eephole
VOPPEE Vertalerbouw Optimization Peephole Practicum Eephole Ertalerbouw
VOPEEP Vertalerbouw Optimization Peephole Eephole Ertalerbouw Practicum
VOPEPE Vertalerbouw Optimization Peephole Eephole Practicum Ertalerbouw
VOEPEP Vertalerbouw Optimization Eephole Practicum Ertalerbouw Peephole
VOEPPE Vertalerbouw Optimization Eephole Practicum Peephole Ertalerbouw
VOEPEP Vertalerbouw Optimization Eephole Peephole Ertalerbouw Practicum
VOEPPE Vertalerbouw Optimization Eephole Peephole Practicum Ertalerbouw
VEEPOP Vertalerbouw Eephole Ertalerbouw Practicum Optimization Peephole
VEEPPO Vertalerbouw Eephole Ertalerbouw Practicum Peephole Optimization
VEEPPO Vertalerbouw Eephole Ertalerbouw Peephole Practicum Optimization
VEEPOP Vertalerbouw Eephole Ertalerbouw Peephole Optimization Practicum
VEPEOP Vertalerbouw Eephole Practicum Ertalerbouw Optimization Peephole
VEPEPO Vertalerbouw Eephole Practicum Ertalerbouw Peephole Optimization
VEPOEP Vertalerbouw Eephole Practicum Optimization Ertalerbouw Peephole
VEPOPE Vertalerbouw Eephole Practicum Optimization Peephole Ertalerbouw
VEPPEO Vertalerbouw Eephole Practicum Peephole Ertalerbouw Optimization
VEPPOE Vertalerbouw Eephole Practicum Peephole Optimization Ertalerbouw
VEOPEP Vertalerbouw Eephole Optimization Practicum Ertalerbouw Peephole
VEOPPE Vertalerbouw Eephole Optimization Practicum Peephole Ertalerbouw
VEOPEP Vertalerbouw Eephole Optimization Peephole Ertalerbouw Practicum
VEOPPE Vertalerbouw Eephole Optimization Peephole Practicum Ertalerbouw
VEPEPO Vertalerbouw Eephole Peephole Ertalerbouw Practicum Optimization
VEPEOP Vertalerbouw Eephole Peephole Ertalerbouw Optimization Practicum
VEPPEO Vertalerbouw Eephole Peephole Practicum Ertalerbouw Optimization
VEPPOE Vertalerbouw Eephole Peephole Practicum Optimization Ertalerbouw
VEPOEP Vertalerbouw Eephole Peephole Optimization Ertalerbouw Practicum
VEPOPE Vertalerbouw Eephole Peephole Optimization Practicum Ertalerbouw
EVPOPE Ertalerbouw Vertalerbouw Practicum Optimization Peephole Eephole
EVPOEP Ertalerbouw Vertalerbouw Practicum Optimization Eephole Peephole
EVPEOP Ertalerbouw Vertalerbouw Practicum Eephole Optimization Peephole
EVPEPO Ertalerbouw Vertalerbouw Practicum Eephole Peephole Optimization
EVOPPE Ertalerbouw Vertalerbouw Optimization Practicum Peephole Eephole
EVOPEP Ertalerbouw Vertalerbouw Optimization Practicum Eephole Peephole
EVOPPE Ertalerbouw Vertalerbouw Optimization Peephole Practicum Eephole
EVOPEP Ertalerbouw Vertalerbouw Optimization Peephole Eephole Practicum
EVOEPP Ertalerbouw Vertalerbouw Optimization Eephole Practicum Peephole
EVOEPP Ertalerbouw Vertalerbouw Optimization Eephole Peephole Practicum
EVPOPE Ertalerbouw Vertalerbouw Peephole Optimization Practicum Eephole
EVPOEP Ertalerbouw Vertalerbouw Peephole Optimization Eephole Practicum
EVPEPO Ertalerbouw Vertalerbouw Peephole Eephole Practicum Optimization
EVPEOP Ertalerbouw Vertalerbouw Peephole Eephole Optimization Practicum
EVEPOP Ertalerbouw Vertalerbouw Eephole Practicum Optimization Peephole
EVEPPO Ertalerbouw Vertalerbouw Eephole Practicum Peephole Optimization
EVEOPP Ertalerbouw Vertalerbouw Eephole Optimization Practicum Peephole
EVEOPP Ertalerbouw Vertalerbouw Eephole Optimization Peephole Practicum
EVEPPO Ertalerbouw Vertalerbouw Eephole Peephole Practicum Optimization
EVEPOP Ertalerbouw Vertalerbouw Eephole Peephole Optimization Practicum
EPVOPE Ertalerbouw Practicum Vertalerbouw Optimization Peephole Eephole
EPVOEP Ertalerbouw Practicum Vertalerbouw Optimization Eephole Peephole
EPVEOP Ertalerbouw Practicum Vertalerbouw Eephole Optimization Peephole
EPVEPO Ertalerbouw Practicum Vertalerbouw Eephole Peephole Optimization
EPOVPE Ertalerbouw Practicum Optimization Vertalerbouw Peephole Eephole
EPOVEP Ertalerbouw Practicum Optimization Vertalerbouw Eephole Peephole
EPOPVE Ertalerbouw Practicum Optimization Peephole Vertalerbouw Eephole
EPOPEV Ertalerbouw Practicum Optimization Peephole Eephole Vertalerbouw
EPOEVP Ertalerbouw Practicum Optimization Eephole Vertalerbouw Peephole
EPOEPV Ertalerbouw Practicum Optimization Eephole Peephole Vertalerbouw
EPPOVE Ertalerbouw Practicum Peephole Optimization Vertalerbouw Eephole
EPPOEV Ertalerbouw Practicum Peephole Optimization Eephole Vertalerbouw
EPPEVO Ertalerbouw Practicum Peephole Eephole Vertalerbouw Optimization
EPPEOV Ertalerbouw Practicum Peephole Eephole Optimization Vertalerbouw
EPEVOP Ertalerbouw Practicum Eephole Vertalerbouw Optimization Peephole
EPEVPO Ertalerbouw Practicum Eephole Vertalerbouw Peephole Optimization
EPEOVP Ertalerbouw Practicum Eephole Optimization Vertalerbouw Peephole
EPEOPV Ertalerbouw Practicum Eephole Optimization Peephole Vertalerbouw
EPEPVO Ertalerbouw Practicum Eephole Peephole Vertalerbouw Optimization
EPEPOV Ertalerbouw Practicum Eephole Peephole Optimization Vertalerbouw
EOVPEP Ertalerbouw Optimization Vertalerbouw Practicum Eephole Peephole
EOVPEP Ertalerbouw Optimization Vertalerbouw Peephole Eephole Practicum
EOVEPP Ertalerbouw Optimization Vertalerbouw Eephole Practicum Peephole
EOVEPP Ertalerbouw Optimization Vertalerbouw Eephole Peephole Practicum
EOPVEP Ertalerbouw Optimization Practicum Vertalerbouw Eephole Peephole
EOPPEV Ertalerbouw Optimization Practicum Peephole Eephole Vertalerbouw
EOPEVP Ertalerbouw Optimization Practicum Eephole Vertalerbouw Peephole
EOPEPV Ertalerbouw Optimization Practicum Eephole Peephole Vertalerbouw
EOPVEP Ertalerbouw Optimization Peephole Vertalerbouw Eephole Practicum
EOPPEV Ertalerbouw Optimization Peephole Practicum Eephole Vertalerbouw
EOPEVP Ertalerbouw Optimization Peephole Eephole Vertalerbouw Practicum
EOPEPV Ertalerbouw Optimization Peephole Eephole Practicum Vertalerbouw
EPVOPE Ertalerbouw Peephole Vertalerbouw Optimization Practicum Eephole
EPVOEP Ertalerbouw Peephole Vertalerbouw Optimization Eephole Practicum
EPVEPO Ertalerbouw Peephole Vertalerbouw Eephole Practicum Optimization
EPVEOP Ertalerbouw Peephole Vertalerbouw Eephole Optimization Practicum
EPPOVE Ertalerbouw Peephole Practicum Optimization Vertalerbouw Eephole
EPPOEV Ertalerbouw Peephole Practicum Optimization Eephole Vertalerbouw
EPPEVO Ertalerbouw Peephole Practicum Eephole Vertalerbouw Optimization
EPPEOV Ertalerbouw Peephole Practicum Eephole Optimization Vertalerbouw
EPOVPE Ertalerbouw Peephole Optimization Vertalerbouw Practicum Eephole
EPOVEP Ertalerbouw Peephole Optimization Vertalerbouw Eephole Practicum
EPOPVE Ertalerbouw Peephole Optimization Practicum Vertalerbouw Eephole
EPOPEV Ertalerbouw Peephole Optimization Practicum Eephole Vertalerbouw
EPOEVP Ertalerbouw Peephole Optimization Eephole Vertalerbouw Practicum
EPOEPV Ertalerbouw Peephole Optimization Eephole Practicum Vertalerbouw
EPEVPO Ertalerbouw Peephole Eephole Vertalerbouw Practicum Optimization
EPEVOP Ertalerbouw Peephole Eephole Vertalerbouw Optimization Practicum
EPEPVO Ertalerbouw Peephole Eephole Practicum Vertalerbouw Optimization
EPEPOV Ertalerbouw Peephole Eephole Practicum Optimization Vertalerbouw
EPEOVP Ertalerbouw Peephole Eephole Optimization Vertalerbouw Practicum
EPEOPV Ertalerbouw Peephole Eephole Optimization Practicum Vertalerbouw
EEVPOP Ertalerbouw Eephole Vertalerbouw Practicum Optimization Peephole
EEVOPP Ertalerbouw Eephole Vertalerbouw Optimization Practicum Peephole
EEVOPP Ertalerbouw Eephole Vertalerbouw Optimization Peephole Practicum
EEVPOP Ertalerbouw Eephole Vertalerbouw Peephole Optimization Practicum
EEPVOP Ertalerbouw Eephole Practicum Vertalerbouw Optimization Peephole
EEPOVP Ertalerbouw Eephole Practicum Optimization Vertalerbouw Peephole
EEPOPV Ertalerbouw Eephole Practicum Optimization Peephole Vertalerbouw
EEPPOV Ertalerbouw Eephole Practicum Peephole Optimization Vertalerbouw
EEPVOP Ertalerbouw Eephole Peephole Vertalerbouw Optimization Practicum
EEPPOV Ertalerbouw Eephole Peephole Practicum Optimization Vertalerbouw
EEPOVP Ertalerbouw Eephole Peephole Optimization Vertalerbouw Practicum
EEPOPV Ertalerbouw Eephole Peephole Optimization Practicum Vertalerbouw
PEVOPE Practicum Ertalerbouw Vertalerbouw Optimization Peephole Eephole
PEVOEP Practicum Ertalerbouw Vertalerbouw Optimization Eephole Peephole
PEVPOE Practicum Ertalerbouw Vertalerbouw Peephole Optimization Eephole
PEVPEO Practicum Ertalerbouw Vertalerbouw Peephole Eephole Optimization
PEVEOP Practicum Ertalerbouw Vertalerbouw Eephole Optimization Peephole
PEVEPO Practicum Ertalerbouw Vertalerbouw Eephole Peephole Optimization
PEOVPE Practicum Ertalerbouw Optimization Vertalerbouw Peephole Eephole
PEOVEP Practicum Ertalerbouw Optimization Vertalerbouw Eephole Peephole
PEOPVE Practicum Ertalerbouw Optimization Peephole Vertalerbouw Eephole
PEOPEV Practicum Ertalerbouw Optimization Peephole Eephole Vertalerbouw
PEPVOE Practicum Ertalerbouw Peephole Vertalerbouw Optimization Eephole
PEPVEO Practicum Ertalerbouw Peephole Vertalerbouw Eephole Optimization
PEPOVE Practicum Ertalerbouw Peephole Optimization Vertalerbouw Eephole
PEPOEV Practicum Ertalerbouw Peephole Optimization Eephole Vertalerbouw
PEPEVO Practicum Ertalerbouw Peephole Eephole Vertalerbouw Optimization
PEPEOV Practicum Ertalerbouw Peephole Eephole Optimization Vertalerbouw
PEEVOP Practicum Ertalerbouw Eephole Vertalerbouw Optimization Peephole
PEEVPO Practicum Ertalerbouw Eephole Vertalerbouw Peephole Optimization
PEEPVO Practicum Ertalerbouw Eephole Peephole Vertalerbouw Optimization
PEEPOV Practicum Ertalerbouw Eephole Peephole Optimization Vertalerbouw
POVEPE Practicum Optimization Vertalerbouw Ertalerbouw Peephole Eephole
POVEEP Practicum Optimization Vertalerbouw Ertalerbouw Eephole Peephole
POVPEE Practicum Optimization Vertalerbouw Peephole Ertalerbouw Eephole
POVPEE Practicum Optimization Vertalerbouw Peephole Eephole Ertalerbouw
POVEEP Practicum Optimization Vertalerbouw Eephole Ertalerbouw Peephole
POVEPE Practicum Optimization Vertalerbouw Eephole Peephole Ertalerbouw
POEVPE Practicum Optimization Ertalerbouw Vertalerbouw Peephole Eephole
POEVEP Practicum Optimization Ertalerbouw Vertalerbouw Eephole Peephole
POEPVE Practicum Optimization Ertalerbouw Peephole Vertalerbouw Eephole
POEPEV Practicum Optimization Ertalerbouw Peephole Eephole Vertalerbouw
POPVEE Practicum Optimization Peephole Vertalerbouw Ertalerbouw Eephole
POPVEE Practicum Optimization Peephole Vertalerbouw Eephole Ertalerbouw
POPEVE Practicum Optimization Peephole Ertalerbouw Vertalerbouw Eephole
POPEEV Practicum Optimization Peephole Ertalerbouw Eephole Vertalerbouw
POPEVE Practicum Optimization Peephole Eephole Vertalerbouw Ertalerbouw
POPEEV Practicum Optimization Peephole Eephole Ertalerbouw Vertalerbouw
POEVEP Practicum Optimization Eephole Vertalerbouw Ertalerbouw Peephole
POEVPE Practicum Optimization Eephole Vertalerbouw Peephole Ertalerbouw
POEPVE Practicum Optimization Eephole Peephole Vertalerbouw Ertalerbouw
POEPEV Practicum Optimization Eephole Peephole Ertalerbouw Vertalerbouw
PEVEOP Practicum Eephole Vertalerbouw Ertalerbouw Optimization Peephole
PEVEPO Practicum Eephole Vertalerbouw Ertalerbouw Peephole Optimization
PEVOEP Practicum Eephole Vertalerbouw Optimization Ertalerbouw Peephole
PEVOPE Practicum Eephole Vertalerbouw Optimization Peephole Ertalerbouw
PEVPEO Practicum Eephole Vertalerbouw Peephole Ertalerbouw Optimization
PEVPOE Practicum Eephole Vertalerbouw Peephole Optimization Ertalerbouw
PEEVOP Practicum Eephole Ertalerbouw Vertalerbouw Optimization Peephole
PEEVPO Practicum Eephole Ertalerbouw Vertalerbouw Peephole Optimization
PEEPVO Practicum Eephole Ertalerbouw Peephole Vertalerbouw Optimization
PEEPOV Practicum Eephole Ertalerbouw Peephole Optimization Vertalerbouw
PEOVEP Practicum Eephole Optimization Vertalerbouw Ertalerbouw Peephole
PEOVPE Practicum Eephole Optimization Vertalerbouw Peephole Ertalerbouw
PEOPVE Practicum Eephole Optimization Peephole Vertalerbouw Ertalerbouw
PEOPEV Practicum Eephole Optimization Peephole Ertalerbouw Vertalerbouw
PEPVEO Practicum Eephole Peephole Vertalerbouw Ertalerbouw Optimization
PEPVOE Practicum Eephole Peephole Vertalerbouw Optimization Ertalerbouw
PEPEVO Practicum Eephole Peephole Ertalerbouw Vertalerbouw Optimization
PEPEOV Practicum Eephole Peephole Ertalerbouw Optimization Vertalerbouw
PEPOVE Practicum Eephole Peephole Optimization Vertalerbouw Ertalerbouw
PEPOEV Practicum Eephole Peephole Optimization Ertalerbouw Vertalerbouw
OVEPPE Optimization Vertalerbouw Ertalerbouw Practicum Peephole Eephole
OVEPEP Optimization Vertalerbouw Ertalerbouw Practicum Eephole Peephole
OVEPPE Optimization Vertalerbouw Ertalerbouw Peephole Practicum Eephole
OVEPEP Optimization Vertalerbouw Ertalerbouw Peephole Eephole Practicum
OVEEPP Optimization Vertalerbouw Ertalerbouw Eephole Practicum Peephole
OVEEPP Optimization Vertalerbouw Ertalerbouw Eephole Peephole Practicum
OVPEPE Optimization Vertalerbouw Practicum Ertalerbouw Peephole Eephole
OVPEEP Optimization Vertalerbouw Practicum Ertalerbouw Eephole Peephole
OVPEEP Optimization Vertalerbouw Practicum Eephole Ertalerbouw Peephole
OVPEPE Optimization Vertalerbouw Practicum Eephole Peephole Ertalerbouw
OVPEPE Optimization Vertalerbouw Peephole Ertalerbouw Practicum Eephole
OVPEEP Optimization Vertalerbouw Peephole Ertalerbouw Eephole Practicum
OVPEEP Optimization Vertalerbouw Peephole Eephole Ertalerbouw Practicum
OVPEPE Optimization Vertalerbouw Peephole Eephole Practicum Ertalerbouw
OVEEPP Optimization Vertalerbouw Eephole Ertalerbouw Practicum Peephole
OVEEPP Optimization Vertalerbouw Eephole Ertalerbouw Peephole Practicum
OVEPEP Optimization Vertalerbouw Eephole Practicum Ertalerbouw Peephole
OVEPPE Optimization Vertalerbouw Eephole Practicum Peephole Ertalerbouw
OVEPEP Optimization Vertalerbouw Eephole Peephole Ertalerbouw Practicum
OVEPPE Optimization Vertalerbouw Eephole Peephole Practicum Ertalerbouw
OEVPEP Optimization Ertalerbouw Vertalerbouw Practicum Eephole Peephole
OEVPEP Optimization Ertalerbouw Vertalerbouw Peephole Eephole Practicum
OEVEPP Optimization Ertalerbouw Vertalerbouw Eephole Practicum Peephole
OEVEPP Optimization Ertalerbouw Vertalerbouw Eephole Peephole Practicum
OEPVEP Optimization Ertalerbouw Practicum Vertalerbouw Eephole Peephole
OEPPEV Optimization Ertalerbouw Practicum Peephole Eephole Vertalerbouw
OEPEVP Optimization Ertalerbouw Practicum Eephole Vertalerbouw Peephole
OEPEPV Optimization Ertalerbouw Practicum Eephole Peephole Vertalerbouw
OEPVEP Optimization Ertalerbouw Peephole Vertalerbouw Eephole Practicum
OEPPEV Optimization Ertalerbouw Peephole Practicum Eephole Vertalerbouw
OEPEVP Optimization Ertalerbouw Peephole Eephole Vertalerbouw Practicum
OEPEPV Optimization Ertalerbouw Peephole Eephole Practicum Vertalerbouw
OPVEPE Optimization Practicum Vertalerbouw Ertalerbouw Peephole Eephole
OPVEEP Optimization Practicum Vertalerbouw Ertalerbouw Eephole Peephole
OPVEEP Optimization Practicum Vertalerbouw Eephole Ertalerbouw Peephole
OPVEPE Optimization Practicum Vertalerbouw Eephole Peephole Ertalerbouw
OPEVPE Optimization Practicum Ertalerbouw Vertalerbouw Peephole Eephole
OPEVEP Optimization Practicum Ertalerbouw Vertalerbouw Eephole Peephole
OPEPVE Optimization Practicum Ertalerbouw Peephole Vertalerbouw Eephole
OPEPEV Optimization Practicum Ertalerbouw Peephole Eephole Vertalerbouw
OPEEVP Optimization Practicum Ertalerbouw Eephole Vertalerbouw Peephole
OPEEPV Optimization Practicum Ertalerbouw Eephole Peephole Vertalerbouw
OPPEVE Optimization Practicum Peephole Ertalerbouw Vertalerbouw Eephole
OPPEEV Optimization Practicum Peephole Ertalerbouw Eephole Vertalerbouw
OPPEVE Optimization Practicum Peephole Eephole Vertalerbouw Ertalerbouw
OPPEEV Optimization Practicum Peephole Eephole Ertalerbouw Vertalerbouw
OPEVEP Optimization Practicum Eephole Vertalerbouw Ertalerbouw Peephole
OPEVPE Optimization Practicum Eephole Vertalerbouw Peephole Ertalerbouw
OPEEVP Optimization Practicum Eephole Ertalerbouw Vertalerbouw Peephole
OPEEPV Optimization Practicum Eephole Ertalerbouw Peephole Vertalerbouw
OPEPVE Optimization Practicum Eephole Peephole Vertalerbouw Ertalerbouw
OPEPEV Optimization Practicum Eephole Peephole Ertalerbouw Vertalerbouw
OPVEPE Optimization Peephole Vertalerbouw Ertalerbouw Practicum Eephole
OPVEEP Optimization Peephole Vertalerbouw Ertalerbouw Eephole Practicum
OPVEEP Optimization Peephole Vertalerbouw Eephole Ertalerbouw Practicum
OPVEPE Optimization Peephole Vertalerbouw Eephole Practicum Ertalerbouw
OPEVPE Optimization Peephole Ertalerbouw Vertalerbouw Practicum Eephole
OPEVEP Optimization Peephole Ertalerbouw Vertalerbouw Eephole Practicum
OPEPVE Optimization Peephole Ertalerbouw Practicum Vertalerbouw Eephole
OPEPEV Optimization Peephole Ertalerbouw Practicum Eephole Vertalerbouw
OPEEVP Optimization Peephole Ertalerbouw Eephole Vertalerbouw Practicum
OPEEPV Optimization Peephole Ertalerbouw Eephole Practicum Vertalerbouw
OPPEVE Optimization Peephole Practicum Ertalerbouw Vertalerbouw Eephole
OPPEEV Optimization Peephole Practicum Ertalerbouw Eephole Vertalerbouw
OPPEVE Optimization Peephole Practicum Eephole Vertalerbouw Ertalerbouw
OPPEEV Optimization Peephole Practicum Eephole Ertalerbouw Vertalerbouw
OPEVEP Optimization Peephole Eephole Vertalerbouw Ertalerbouw Practicum
OPEVPE Optimization Peephole Eephole Vertalerbouw Practicum Ertalerbouw
OPEEVP Optimization Peephole Eephole Ertalerbouw Vertalerbouw Practicum
OPEEPV Optimization Peephole Eephole Ertalerbouw Practicum Vertalerbouw
OPEPVE Optimization Peephole Eephole Practicum Vertalerbouw Ertalerbouw
OPEPEV Optimization Peephole Eephole Practicum Ertalerbouw Vertalerbouw
OEVEPP Optimization Eephole Vertalerbouw Ertalerbouw Practicum Peephole
OEVEPP Optimization Eephole Vertalerbouw Ertalerbouw Peephole Practicum
OEVPEP Optimization Eephole Vertalerbouw Practicum Ertalerbouw Peephole
OEVPEP Optimization Eephole Vertalerbouw Peephole Ertalerbouw Practicum
OEPVEP Optimization Eephole Practicum Vertalerbouw Ertalerbouw Peephole
OEPEVP Optimization Eephole Practicum Ertalerbouw Vertalerbouw Peephole
OEPEPV Optimization Eephole Practicum Ertalerbouw Peephole Vertalerbouw
OEPPEV Optimization Eephole Practicum Peephole Ertalerbouw Vertalerbouw
OEPVEP Optimization Eephole Peephole Vertalerbouw Ertalerbouw Practicum
OEPEVP Optimization Eephole Peephole Ertalerbouw Vertalerbouw Practicum
OEPEPV Optimization Eephole Peephole Ertalerbouw Practicum Vertalerbouw
OEPPEV Optimization Eephole Peephole Practicum Ertalerbouw Vertalerbouw
PEVPOE Peephole Ertalerbouw Vertalerbouw Practicum Optimization Eephole
PEVPEO Peephole Ertalerbouw Vertalerbouw Practicum Eephole Optimization
PEVOPE Peephole Ertalerbouw Vertalerbouw Optimization Practicum Eephole
PEVOEP Peephole Ertalerbouw Vertalerbouw Optimization Eephole Practicum
PEVEPO Peephole Ertalerbouw Vertalerbouw Eephole Practicum Optimization
PEVEOP Peephole Ertalerbouw Vertalerbouw Eephole Optimization Practicum
PEPVOE Peephole Ertalerbouw Practicum Vertalerbouw Optimization Eephole
PEPVEO Peephole Ertalerbouw Practicum Vertalerbouw Eephole Optimization
PEPOVE Peephole Ertalerbouw Practicum Optimization Vertalerbouw Eephole
PEPOEV Peephole Ertalerbouw Practicum Optimization Eephole Vertalerbouw
PEPEVO Peephole Ertalerbouw Practicum Eephole Vertalerbouw Optimization
PEPEOV Peephole Ertalerbouw Practicum Eephole Optimization Vertalerbouw
PEOVPE Peephole Ertalerbouw Optimization Vertalerbouw Practicum Eephole
PEOVEP Peephole Ertalerbouw Optimization Vertalerbouw Eephole Practicum
PEOPVE Peephole Ertalerbouw Optimization Practicum Vertalerbouw Eephole
PEOPEV Peephole Ertalerbouw Optimization Practicum Eephole Vertalerbouw
PEEVPO Peephole Ertalerbouw Eephole Vertalerbouw Practicum Optimization
PEEVOP Peephole Ertalerbouw Eephole Vertalerbouw Optimization Practicum
PEEPVO Peephole Ertalerbouw Eephole Practicum Vertalerbouw Optimization
PEEPOV Peephole Ertalerbouw Eephole Practicum Optimization Vertalerbouw
POVEPE Peephole Optimization Vertalerbouw Ertalerbouw Practicum Eephole
POVEEP Peephole Optimization Vertalerbouw Ertalerbouw Eephole Practicum
POVPEE Peephole Optimization Vertalerbouw Practicum Ertalerbouw Eephole
POVPEE Peephole Optimization Vertalerbouw Practicum Eephole Ertalerbouw
POVEEP Peephole Optimization Vertalerbouw Eephole Ertalerbouw Practicum
POVEPE Peephole Optimization Vertalerbouw Eephole Practicum Ertalerbouw
POEVPE Peephole Optimization Ertalerbouw Vertalerbouw Practicum Eephole
POEVEP Peephole Optimization Ertalerbouw Vertalerbouw Eephole Practicum
POEPVE Peephole Optimization Ertalerbouw Practicum Vertalerbouw Eephole
POEPEV Peephole Optimization Ertalerbouw Practicum Eephole Vertalerbouw
POPVEE Peephole Optimization Practicum Vertalerbouw Ertalerbouw Eephole
POPVEE Peephole Optimization Practicum Vertalerbouw Eephole Ertalerbouw
POPEVE Peephole Optimization Practicum Ertalerbouw Vertalerbouw Eephole
POPEEV Peephole Optimization Practicum Ertalerbouw Eephole Vertalerbouw
POPEVE Peephole Optimization Practicum Eephole Vertalerbouw Ertalerbouw
POPEEV Peephole Optimization Practicum Eephole Ertalerbouw Vertalerbouw
POEVEP Peephole Optimization Eephole Vertalerbouw Ertalerbouw Practicum
POEVPE Peephole Optimization Eephole Vertalerbouw Practicum Ertalerbouw
POEPVE Peephole Optimization Eephole Practicum Vertalerbouw Ertalerbouw
POEPEV Peephole Optimization Eephole Practicum Ertalerbouw Vertalerbouw
PEVEPO Peephole Eephole Vertalerbouw Ertalerbouw Practicum Optimization
PEVEOP Peephole Eephole Vertalerbouw Ertalerbouw Optimization Practicum
PEVPEO Peephole Eephole Vertalerbouw Practicum Ertalerbouw Optimization
PEVPOE Peephole Eephole Vertalerbouw Practicum Optimization Ertalerbouw
PEVOEP Peephole Eephole Vertalerbouw Optimization Ertalerbouw Practicum
PEVOPE Peephole Eephole Vertalerbouw Optimization Practicum Ertalerbouw
PEEVPO Peephole Eephole Ertalerbouw Vertalerbouw Practicum Optimization
PEEVOP Peephole Eephole Ertalerbouw Vertalerbouw Optimization Practicum
PEEPVO Peephole Eephole Ertalerbouw Practicum Vertalerbouw Optimization
PEEPOV Peephole Eephole Ertalerbouw Practicum Optimization Vertalerbouw
PEPVEO Peephole Eephole Practicum Vertalerbouw Ertalerbouw Optimization
PEPVOE Peephole Eephole Practicum Vertalerbouw Optimization Ertalerbouw
PEPEVO Peephole Eephole Practicum Ertalerbouw Vertalerbouw Optimization
PEPEOV Peephole Eephole Practicum Ertalerbouw Optimization Vertalerbouw
PEPOVE Peephole Eephole Practicum Optimization Vertalerbouw Ertalerbouw
PEPOEV Peephole Eephole Practicum Optimization Ertalerbouw Vertalerbouw
PEOVEP Peephole Eephole Optimization Vertalerbouw Ertalerbouw Practicum
PEOVPE Peephole Eephole Optimization Vertalerbouw Practicum Ertalerbouw
PEOPVE Peephole Eephole Optimization Practicum Vertalerbouw Ertalerbouw
PEOPEV Peephole Eephole Optimization Practicum Ertalerbouw Vertalerbouw
EVEPOP Eephole Vertalerbouw Ertalerbouw Practicum Optimization Peephole
EVEPPO Eephole Vertalerbouw Ertalerbouw Practicum Peephole Optimization
EVEOPP Eephole Vertalerbouw Ertalerbouw Optimization Practicum Peephole
EVEOPP Eephole Vertalerbouw Ertalerbouw Optimization Peephole Practicum
EVEPPO Eephole Vertalerbouw Ertalerbouw Peephole Practicum Optimization
EVEPOP Eephole Vertalerbouw Ertalerbouw Peephole Optimization Practicum
EVPEOP Eephole Vertalerbouw Practicum Ertalerbouw Optimization Peephole
EVPEPO Eephole Vertalerbouw Practicum Ertalerbouw Peephole Optimization
EVPOEP Eephole Vertalerbouw Practicum Optimization Ertalerbouw Peephole
EVPOPE Eephole Vertalerbouw Practicum Optimization Peephole Ertalerbouw
EVOEPP Eephole Vertalerbouw Optimization Ertalerbouw Practicum Peephole
EVOEPP Eephole Vertalerbouw Optimization Ertalerbouw Peephole Practicum
EVOPEP Eephole Vertalerbouw Optimization Practicum Ertalerbouw Peephole
EVOPPE Eephole Vertalerbouw Optimization Practicum Peephole Ertalerbouw
EVOPEP Eephole Vertalerbouw Optimization Peephole Ertalerbouw Practicum
EVOPPE Eephole Vertalerbouw Optimization Peephole Practicum Ertalerbouw
EVPEPO Eephole Vertalerbouw Peephole Ertalerbouw Practicum Optimization
EVPEOP Eephole Vertalerbouw Peephole Ertalerbouw Optimization Practicum
EVPOEP Eephole Vertalerbouw Peephole Optimization Ertalerbouw Practicum
EVPOPE Eephole Vertalerbouw Peephole Optimization Practicum Ertalerbouw
EEVPOP Eephole Ertalerbouw Vertalerbouw Practicum Optimization Peephole
EEVOPP Eephole Ertalerbouw Vertalerbouw Optimization Practicum Peephole
EEVOPP Eephole Ertalerbouw Vertalerbouw Optimization Peephole Practicum
EEVPOP Eephole Ertalerbouw Vertalerbouw Peephole Optimization Practicum
EEPVOP Eephole Ertalerbouw Practicum Vertalerbouw Optimization Peephole
EEPOVP Eephole Ertalerbouw Practicum Optimization Vertalerbouw Peephole
EEPOPV Eephole Ertalerbouw Practicum Optimization Peephole Vertalerbouw
EEPPOV Eephole Ertalerbouw Practicum Peephole Optimization Vertalerbouw
EEPVOP Eephole Ertalerbouw Peephole Vertalerbouw Optimization Practicum
EEPPOV Eephole Ertalerbouw Peephole Practicum Optimization Vertalerbouw
EEPOVP Eephole Ertalerbouw Peephole Optimization Vertalerbouw Practicum
EEPOPV Eephole Ertalerbouw Peephole Optimization Practicum Vertalerbouw
EPVEOP Eephole Practicum Vertalerbouw Ertalerbouw Optimization Peephole
EPVEPO Eephole Practicum Vertalerbouw Ertalerbouw Peephole Optimization
EPVOEP Eephole Practicum Vertalerbouw Optimization Ertalerbouw Peephole
EPVOPE Eephole Practicum Vertalerbouw Optimization Peephole Ertalerbouw
EPEVOP Eephole Practicum Ertalerbouw Vertalerbouw Optimization Peephole
EPEVPO Eephole Practicum Ertalerbouw Vertalerbouw Peephole Optimization
EPEOVP Eephole Practicum Ertalerbouw Optimization Vertalerbouw Peephole
EPEOPV Eephole Practicum Ertalerbouw Optimization Peephole Vertalerbouw
EPEPVO Eephole Practicum Ertalerbouw Peephole Vertalerbouw Optimization
EPEPOV Eephole Practicum Ertalerbouw Peephole Optimization Vertalerbouw
EPOVEP Eephole Practicum Optimization Vertalerbouw Ertalerbouw Peephole
EPOVPE Eephole Practicum Optimization Vertalerbouw Peephole Ertalerbouw
EPOEVP Eephole Practicum Optimization Ertalerbouw Vertalerbouw Peephole
EPOEPV Eephole Practicum Optimization Ertalerbouw Peephole Vertalerbouw
EPOPVE Eephole Practicum Optimization Peephole Vertalerbouw Ertalerbouw
EPOPEV Eephole Practicum Optimization Peephole Ertalerbouw Vertalerbouw
EPPEVO Eephole Practicum Peephole Ertalerbouw Vertalerbouw Optimization
EPPEOV Eephole Practicum Peephole Ertalerbouw Optimization Vertalerbouw
EPPOVE Eephole Practicum Peephole Optimization Vertalerbouw Ertalerbouw
EPPOEV Eephole Practicum Peephole Optimization Ertalerbouw Vertalerbouw
EOVEPP Eephole Optimization Vertalerbouw Ertalerbouw Practicum Peephole
EOVEPP Eephole Optimization Vertalerbouw Ertalerbouw Peephole Practicum
EOVPEP Eephole Optimization Vertalerbouw Practicum Ertalerbouw Peephole
EOVPEP Eephole Optimization Vertalerbouw Peephole Ertalerbouw Practicum
EOPVEP Eephole Optimization Practicum Vertalerbouw Ertalerbouw Peephole
EOPEVP Eephole Optimization Practicum Ertalerbouw Vertalerbouw Peephole
EOPEPV Eephole Optimization Practicum Ertalerbouw Peephole Vertalerbouw
EOPPEV Eephole Optimization Practicum Peephole Ertalerbouw Vertalerbouw
EOPVEP Eephole Optimization Peephole Vertalerbouw Ertalerbouw Practicum
EOPEVP Eephole Optimization Peephole Ertalerbouw Vertalerbouw Practicum
EOPEPV Eephole Optimization Peephole Ertalerbouw Practicum Vertalerbouw
EOPPEV Eephole Optimization Peephole Practicum Ertalerbouw Vertalerbouw
EPVEPO Eephole Peephole Vertalerbouw Ertalerbouw Practicum Optimization
EPVEOP Eephole Peephole Vertalerbouw Ertalerbouw Optimization Practicum
EPVOEP Eephole Peephole Vertalerbouw Optimization Ertalerbouw Practicum
EPVOPE Eephole Peephole Vertalerbouw Optimization Practicum Ertalerbouw
EPEVPO Eephole Peephole Ertalerbouw Vertalerbouw Practicum Optimization
EPEVOP Eephole Peephole Ertalerbouw Vertalerbouw Optimization Practicum
EPEPVO Eephole Peephole Ertalerbouw Practicum Vertalerbouw Optimization
EPEPOV Eephole Peephole Ertalerbouw Practicum Optimization Vertalerbouw
EPEOVP Eephole Peephole Ertalerbouw Optimization Vertalerbouw Practicum
EPEOPV Eephole Peephole Ertalerbouw Optimization Practicum Vertalerbouw
EPPEVO Eephole Peephole Practicum Ertalerbouw Vertalerbouw Optimization
EPPEOV Eephole Peephole Practicum Ertalerbouw Optimization Vertalerbouw
EPPOVE Eephole Peephole Practicum Optimization Vertalerbouw Ertalerbouw
EPPOEV Eephole Peephole Practicum Optimization Ertalerbouw Vertalerbouw
EPOVEP Eephole Peephole Optimization Vertalerbouw Ertalerbouw Practicum
EPOVPE Eephole Peephole Optimization Vertalerbouw Practicum Ertalerbouw
EPOEVP Eephole Peephole Optimization Ertalerbouw Vertalerbouw Practicum
EPOEPV Eephole Peephole Optimization Ertalerbouw Practicum Vertalerbouw
EPOPVE Eephole Peephole Optimization Practicum Vertalerbouw Ertalerbouw
EPOPEV Eephole Peephole Optimization Practicum Ertalerbouw Vertalerbouw
